<?xml version="1.0" encoding="UTF-8"?>
<!-- Generated by org.testng.reporters.JUnitReportReporter -->
<testsuite hostname="HIBAWL67968" name="com.org.learningMaven.HelloWorldTest" tests="1" failures="0" timestamp="1 Apr 2019 17:22:58 GMT" time="37.553" errors="0">
  <testcase name="test" time="37.553" classname="com.org.learningMaven.HelloWorldTest"/>
</testsuite> <!-- com.org.learningMaven.HelloWorldTest -->
