<?xml version="1.0" encoding="UTF-8"?>
<!-- Generated by org.testng.reporters.JUnitReportReporter -->
<testsuite hostname="HIBAWL67968" name="com.org.learningMaven.HelloWorldTest" tests="1" failures="0" timestamp="31 Mar 2019 18:08:36 GMT" time="39.755" errors="0">
  <testcase name="test" time="39.755" classname="com.org.learningMaven.HelloWorldTest"/>
</testsuite> <!-- com.org.learningMaven.HelloWorldTest -->
