<?xml version="1.0" encoding="UTF-8"?>
<!-- Generated by org.testng.reporters.JUnitReportReporter -->
<testsuite hostname="HIBAWL67968" name="com.org.learningMaven.AppTest" tests="1" failures="0" timestamp="29 Mar 2019 17:56:42 GMT" time="0.005" errors="0">
  <testcase name="testApp" time="0.005" classname="com.org.learningMaven.AppTest"/>
</testsuite> <!-- com.org.learningMaven.AppTest -->
